<?xml version="1.0" encoding="UTF-8"?>
<!-- Generated by org.testng.reporters.JUnitReportReporter -->
<testsuite skipped="0" hostname="DESKTOP-O90GUQ5" name="com.runner.testrunner" tests="2" failures="0" timestamp="08 May 2020 14:18:40 GMT" time="0.561" errors="2">
  <testcase name="runScenario" time="0.031" classname="com.runner.testrunner">
    <error type="java.lang.IllegalStateException" message="The driver executable does not exist: C:\Users\Marcellin\eclipse-workspace\com.facebook\driver1\chromedriver.exe">
      <![CDATA[java.lang.IllegalStateException: The driver executable does not exist: C:\Users\Marcellin\eclipse-workspace\com.facebook\driver1\chromedriver.exe
at com.google.common.base.Preconditions.checkState(Preconditions.java:585)
at org.openqa.selenium.remote.service.DriverService.checkExecutable(DriverService.java:146)
at org.openqa.selenium.remote.service.DriverService.findExecutable(DriverService.java:141)
at org.openqa.selenium.chrome.ChromeDriverService.access$000(ChromeDriverService.java:35)
at org.openqa.selenium.chrome.ChromeDriverService$Builder.findDefaultExecutable(ChromeDriverService.java:159)
at org.openqa.selenium.remote.service.DriverService$Builder.build(DriverService.java:355)
at org.openqa.selenium.chrome.ChromeDriverService.createDefaultService(ChromeDriverService.java:94)
at org.openqa.selenium.chrome.ChromeDriver.<init>(ChromeDriver.java:123)
at com.stepdef.stepdef.user_is_on_facebook_page(stepdef.java:17)
at ✽.user is on facebook page(src/test/resources/features/fblogin.feature:4)
]]>
    </error>
  </testcase> <!-- runScenario -->
  <testcase name="runScenario" time="0.530" classname="com.runner.testrunner">
    <error type="java.lang.IllegalStateException" message="The driver executable does not exist: C:\Users\Marcellin\eclipse-workspace\com.facebook\driver1\chromedriver.exe">
      <![CDATA[java.lang.IllegalStateException: The driver executable does not exist: C:\Users\Marcellin\eclipse-workspace\com.facebook\driver1\chromedriver.exe
at com.google.common.base.Preconditions.checkState(Preconditions.java:585)
at org.openqa.selenium.remote.service.DriverService.checkExecutable(DriverService.java:146)
at org.openqa.selenium.remote.service.DriverService.findExecutable(DriverService.java:141)
at org.openqa.selenium.chrome.ChromeDriverService.access$000(ChromeDriverService.java:35)
at org.openqa.selenium.chrome.ChromeDriverService$Builder.findDefaultExecutable(ChromeDriverService.java:159)
at org.openqa.selenium.remote.service.DriverService$Builder.build(DriverService.java:355)
at org.openqa.selenium.chrome.ChromeDriverService.createDefaultService(ChromeDriverService.java:94)
at org.openqa.selenium.chrome.ChromeDriver.<init>(ChromeDriver.java:123)
at com.stepdef.stepdef.user_is_on_facebook_page(stepdef.java:17)
at ✽.user is on facebook page(src/test/resources/features/fblogin.feature:4)
]]>
    </error>
  </testcase> <!-- runScenario -->
</testsuite> <!-- com.runner.testrunner -->
